#
# There is insufficient memory for the Java Runtime Environment to continue.
# Native memory allocation (malloc) failed to allocate 610736 bytes. Error detail: Chunk::new
# Possible reasons:
#   The system is out of physical RAM or swap space
#   This process is running with CompressedOops enabled, and the Java Heap may be blocking the growth of the native heap
# Possible solutions:
#   Reduce memory load on the system
#   Increase physical memory or swap space
#   Check if swap backing store is full
#   Decrease Java heap size (-Xmx/-Xms)
#   Decrease number of Java threads
#   Decrease Java thread stack sizes (-Xss)
#   Set larger code cache with -XX:ReservedCodeCacheSize=
#   JVM is running with Unscaled Compressed Oops mode in which the Java heap is
#     placed in the first 4GB address space. The Java Heap base address is the
#     maximum limit for the native heap growth. Please use -XX:HeapBaseMinAddress
#     to set the Java Heap base and to place the Java Heap above 4GB virtual address.
# This output file may be truncated or incomplete.
#
#  Out of Memory Error (arena.cpp:191), pid=4504, tid=17952
#
# JRE version: OpenJDK Runtime Environment (17.0.11) (build 17.0.11+0--11852314)
# Java VM: OpenJDK 64-Bit Server VM (17.0.11+0--11852314, mixed mode, tiered, compressed oops, compressed class ptrs, g1 gc, windows-amd64)
# No core dump will be written. Minidumps are not enabled by default on client versions of Windows
#

---------------  S U M M A R Y ------------

Command Line: --add-opens=java.base/java.util=ALL-UNNAMED --add-opens=java.base/java.lang=ALL-UNNAMED --add-opens=java.base/java.lang.invoke=ALL-UNNAMED --add-opens=java.prefs/java.util.prefs=ALL-UNNAMED --add-opens=java.base/java.nio.charset=ALL-UNNAMED --add-opens=java.base/java.net=ALL-UNNAMED --add-opens=java.base/java.util.concurrent.atomic=ALL-UNNAMED -Xmx2048m -Dfile.encoding=UTF-8 -Duser.country=IN -Duser.language=en -Duser.variant -javaagent:C:\Users\91638\.gradle\wrapper\dists\gradle-8.7-bin\bhs2wmbdwecv87pi65oeuq5iu\gradle-8.7\lib\agents\gradle-instrumentation-agent-8.7.jar org.gradle.launcher.daemon.bootstrap.GradleDaemon 8.7

Host: AMD Ryzen 5 5500U with Radeon Graphics         , 12 cores, 7G,  Windows 11 , 64 bit Build 22621 (10.0.22621.3235)
Time: Wed Sep 18 14:39:31 2024 India Standard Time elapsed time: 17.900524 seconds (0d 0h 0m 17s)

---------------  T H R E A D  ---------------

Current thread (0x000002cbffb566d0):  JavaThread "C2 CompilerThread0" daemon [_thread_in_native, id=17952, stack(0x000000f77dd00000,0x000000f77de00000)]


Current CompileTask:
C2:  17900 7031       4       org.objectweb.asm.SymbolTable::addConstantUtf8Reference (101 bytes)

Stack: [0x000000f77dd00000,0x000000f77de00000]
Native frames: (J=compiled Java code, j=interpreted, Vv=VM code, C=native code)
V  [jvm.dll+0x687bb9]
V  [jvm.dll+0x84142a]
V  [jvm.dll+0x8430ae]
V  [jvm.dll+0x843713]
V  [jvm.dll+0x24a35f]
V  [jvm.dll+0xac544]
V  [jvm.dll+0xacb8c]
V  [jvm.dll+0x369be2]
V  [jvm.dll+0x33416a]
V  [jvm.dll+0x33360a]
V  [jvm.dll+0x21bed1]
V  [jvm.dll+0x21b311]
V  [jvm.dll+0x1a63ed]
V  [jvm.dll+0x22b1ee]
V  [jvm.dll+0x229375]
V  [jvm.dll+0x7f5647]
V  [jvm.dll+0x7efa4a]
V  [jvm.dll+0x686a35]
C  [ucrtbase.dll+0x29363]
C  [KERNEL32.DLL+0x1257d]
C  [ntdll.dll+0x5aa58]


---------------  P R O C E S S  ---------------

Threads class SMR info:
_java_thread_list=0x000002cb89e55a00, length=57, elements={
0x000002cbe5747520, 0x000002cbff9d1880, 0x000002cbff9d2700, 0x000002cbffb42a00,
0x000002cbffb52550, 0x000002cbffb55020, 0x000002cbffb559e0, 0x000002cbffb566d0,
0x000002cbffb570d0, 0x000002cbffb61290, 0x000002cbff95a930, 0x000002cbffd84600,
0x000002cb86d5ed30, 0x000002cb87487390, 0x000002cb873f5a90, 0x000002cb87774220,
0x000002cb8772e7d0, 0x000002cb8789b0c0, 0x000002cb8789b5d0, 0x000002cb8789d430,
0x000002cb8789a6a0, 0x000002cb8789abb0, 0x000002cb8789a190, 0x000002cb8789bae0,
0x000002cb8789bff0, 0x000002cb8789c500, 0x000002cb8789cf20, 0x000002cb8789ca10,
0x000002cb87d9dd40, 0x000002cb87d9c900, 0x000002cb87d9c3f0, 0x000002cb87d9d830,
0x000002cb87d96de0, 0x000002cb87d9bee0, 0x000002cb87d99660, 0x000002cb87d9a080,
0x000002cb87d9e760, 0x000002cb87d9a590, 0x000002cb87d99b70, 0x000002cb87d972f0,
0x000002cb87d9aaa0, 0x000002cb87d97800, 0x000002cb87d9afb0, 0x000002cb87d9b4c0,
0x000002cb87d9ce10, 0x000002cb87d98730, 0x000002cb87d98c40, 0x000002cb87d97d10,
0x000002cb87d98220, 0x000002cb87d99150, 0x000002cb87d9b9d0, 0x000002cb89bdd0e0,
0x000002cb89bdea30, 0x000002cb89bd8f10, 0x000002cb89bdb280, 0x000002cb89bde010,
0x000002cb89bd8a00
}

Java Threads: ( => current thread )
  0x000002cbe5747520 JavaThread "main" [_thread_blocked, id=7548, stack(0x000000f77d000000,0x000000f77d100000)]
  0x000002cbff9d1880 JavaThread "Reference Handler" daemon [_thread_blocked, id=11776, stack(0x000000f77d700000,0x000000f77d800000)]
  0x000002cbff9d2700 JavaThread "Finalizer" daemon [_thread_blocked, id=9564, stack(0x000000f77d800000,0x000000f77d900000)]
  0x000002cbffb42a00 JavaThread "Signal Dispatcher" daemon [_thread_blocked, id=4116, stack(0x000000f77d900000,0x000000f77da00000)]
  0x000002cbffb52550 JavaThread "Attach Listener" daemon [_thread_blocked, id=2148, stack(0x000000f77da00000,0x000000f77db00000)]
  0x000002cbffb55020 JavaThread "Service Thread" daemon [_thread_blocked, id=5984, stack(0x000000f77db00000,0x000000f77dc00000)]
  0x000002cbffb559e0 JavaThread "Monitor Deflation Thread" daemon [_thread_blocked, id=6052, stack(0x000000f77dc00000,0x000000f77dd00000)]
=>0x000002cbffb566d0 JavaThread "C2 CompilerThread0" daemon [_thread_in_native, id=17952, stack(0x000000f77dd00000,0x000000f77de00000)]
  0x000002cbffb570d0 JavaThread "C1 CompilerThread0" daemon [_thread_blocked, id=2568, stack(0x000000f77de00000,0x000000f77df00000)]
  0x000002cbffb61290 JavaThread "Sweeper thread" daemon [_thread_blocked, id=3816, stack(0x000000f77df00000,0x000000f77e000000)]
  0x000002cbff95a930 JavaThread "Common-Cleaner" daemon [_thread_blocked, id=4916, stack(0x000000f77e000000,0x000000f77e100000)]
  0x000002cbffd84600 JavaThread "Notification Thread" daemon [_thread_blocked, id=14904, stack(0x000000f77e100000,0x000000f77e200000)]
  0x000002cb86d5ed30 JavaThread "Daemon health stats" [_thread_blocked, id=10876, stack(0x000000f77e300000,0x000000f77e400000)]
  0x000002cb87487390 JavaThread "Incoming local TCP Connector on port 12506" [_thread_in_native, id=15104, stack(0x000000f77e800000,0x000000f77e900000)]
  0x000002cb873f5a90 JavaThread "Daemon periodic checks" [_thread_blocked, id=3980, stack(0x000000f77e900000,0x000000f77ea00000)]
  0x000002cb87774220 JavaThread "Daemon" [_thread_blocked, id=16028, stack(0x000000f77ea00000,0x000000f77eb00000)]
  0x000002cb8772e7d0 JavaThread "Handler for socket connection from /127.0.0.1:12506 to /127.0.0.1:12507" [_thread_in_native, id=15776, stack(0x000000f77eb00000,0x000000f77ec00000)]
  0x000002cb8789b0c0 JavaThread "Cancel handler" [_thread_blocked, id=12772, stack(0x000000f77ec00000,0x000000f77ed00000)]
  0x000002cb8789b5d0 JavaThread "Daemon worker" [_thread_in_Java, id=18376, stack(0x000000f77ed00000,0x000000f77ee00000)]
  0x000002cb8789d430 JavaThread "Asynchronous log dispatcher for DefaultDaemonConnection: socket connection from /127.0.0.1:12506 to /127.0.0.1:12507" [_thread_blocked, id=3252, stack(0x000000f77ee00000,0x000000f77ef00000)]
  0x000002cb8789a6a0 JavaThread "Stdin handler" [_thread_blocked, id=7416, stack(0x000000f77ef00000,0x000000f77f000000)]
  0x000002cb8789abb0 JavaThread "Daemon client event forwarder" [_thread_blocked, id=15152, stack(0x000000f77f000000,0x000000f77f100000)]
  0x000002cb8789a190 JavaThread "Cache worker for journal cache (C:\Users\91638\.gradle\caches\journal-1)" [_thread_blocked, id=18024, stack(0x000000f77f800000,0x000000f77f900000)]
  0x000002cb8789bae0 JavaThread "File lock request listener" [_thread_in_native, id=16456, stack(0x000000f77f900000,0x000000f77fa00000)]
  0x000002cb8789bff0 JavaThread "Cache worker for file hash cache (C:\Users\91638\.gradle\caches\8.7\fileHashes)" [_thread_blocked, id=2820, stack(0x000000f77fa00000,0x000000f77fb00000)]
  0x000002cb8789c500 JavaThread "Cache worker for file hash cache (R:\Google Console Projects\LockIt\.gradle\8.7\fileHashes)" [_thread_blocked, id=15944, stack(0x000000f77fb00000,0x000000f77fc00000)]
  0x000002cb8789cf20 JavaThread "File watcher server" daemon [_thread_in_native, id=9604, stack(0x000000f77fc00000,0x000000f77fd00000)]
  0x000002cb8789ca10 JavaThread "File watcher consumer" daemon [_thread_blocked, id=14884, stack(0x000000f77fd00000,0x000000f77fe00000)]
  0x000002cb87d9dd40 JavaThread "Cache worker for checksums cache (R:\Google Console Projects\LockIt\.gradle\8.7\checksums)" [_thread_blocked, id=4496, stack(0x000000f77fe00000,0x000000f77ff00000)]
  0x000002cb87d9c900 JavaThread "Cache worker for cache directory md-supplier (C:\Users\91638\.gradle\caches\8.7\md-supplier)" [_thread_blocked, id=9792, stack(0x000000f77ff00000,0x000000f780000000)]
  0x000002cb87d9c3f0 JavaThread "Cache worker for cache directory md-rule (C:\Users\91638\.gradle\caches\8.7\md-rule)" [_thread_blocked, id=17100, stack(0x000000f700000000,0x000000f700100000)]
  0x000002cb87d9d830 JavaThread "Cache worker for file content cache (C:\Users\91638\.gradle\caches\8.7\fileContent)" [_thread_blocked, id=15860, stack(0x000000f700100000,0x000000f700200000)]
  0x000002cb87d96de0 JavaThread "Cache worker for Build Output Cleanup Cache (R:\Google Console Projects\LockIt\.gradle\buildOutputCleanup)" [_thread_blocked, id=12576, stack(0x000000f700200000,0x000000f700300000)]
  0x000002cb87d9bee0 JavaThread "Unconstrained build operations" [_thread_blocked, id=14372, stack(0x000000f700300000,0x000000f700400000)]
  0x000002cb87d99660 JavaThread "Unconstrained build operations Thread 2" [_thread_blocked, id=10100, stack(0x000000f700400000,0x000000f700500000)]
  0x000002cb87d9a080 JavaThread "Unconstrained build operations Thread 3" [_thread_blocked, id=14724, stack(0x000000f700500000,0x000000f700600000)]
  0x000002cb87d9e760 JavaThread "Unconstrained build operations Thread 4" [_thread_blocked, id=16088, stack(0x000000f700600000,0x000000f700700000)]
  0x000002cb87d9a590 JavaThread "Unconstrained build operations Thread 5" [_thread_blocked, id=6128, stack(0x000000f700700000,0x000000f700800000)]
  0x000002cb87d99b70 JavaThread "Unconstrained build operations Thread 6" [_thread_blocked, id=8980, stack(0x000000f700800000,0x000000f700900000)]
  0x000002cb87d972f0 JavaThread "Unconstrained build operations Thread 7" [_thread_blocked, id=4664, stack(0x000000f700900000,0x000000f700a00000)]
  0x000002cb87d9aaa0 JavaThread "Unconstrained build operations Thread 8" [_thread_blocked, id=8356, stack(0x000000f700a00000,0x000000f700b00000)]
  0x000002cb87d97800 JavaThread "Unconstrained build operations Thread 9" [_thread_blocked, id=11436, stack(0x000000f700b00000,0x000000f700c00000)]
  0x000002cb87d9afb0 JavaThread "Unconstrained build operations Thread 10" [_thread_blocked, id=7484, stack(0x000000f700c00000,0x000000f700d00000)]
  0x000002cb87d9b4c0 JavaThread "Unconstrained build operations Thread 11" [_thread_blocked, id=14892, stack(0x000000f700d00000,0x000000f700e00000)]
  0x000002cb87d9ce10 JavaThread "Unconstrained build operations Thread 12" [_thread_blocked, id=16364, stack(0x000000f700e00000,0x000000f700f00000)]
  0x000002cb87d98730 JavaThread "Unconstrained build operations Thread 13" [_thread_blocked, id=16200, stack(0x000000f700f00000,0x000000f701000000)]
  0x000002cb87d98c40 JavaThread "Unconstrained build operations Thread 14" [_thread_blocked, id=5164, stack(0x000000f701000000,0x000000f701100000)]
  0x000002cb87d97d10 JavaThread "Unconstrained build operations Thread 15" [_thread_blocked, id=15216, stack(0x000000f701100000,0x000000f701200000)]
  0x000002cb87d98220 JavaThread "Unconstrained build operations Thread 16" [_thread_blocked, id=13084, stack(0x000000f701200000,0x000000f701300000)]
  0x000002cb87d99150 JavaThread "Unconstrained build operations Thread 17" [_thread_blocked, id=6848, stack(0x000000f701300000,0x000000f701400000)]
  0x000002cb87d9b9d0 JavaThread "Unconstrained build operations Thread 18" [_thread_blocked, id=8376, stack(0x000000f701400000,0x000000f701500000)]
  0x000002cb89bdd0e0 JavaThread "Unconstrained build operations Thread 19" [_thread_blocked, id=8956, stack(0x000000f701500000,0x000000f701600000)]
  0x000002cb89bdea30 JavaThread "Unconstrained build operations Thread 20" [_thread_blocked, id=7480, stack(0x000000f701600000,0x000000f701700000)]
  0x000002cb89bd8f10 JavaThread "Unconstrained build operations Thread 21" [_thread_blocked, id=3840, stack(0x000000f701700000,0x000000f701800000)]
  0x000002cb89bdb280 JavaThread "Unconstrained build operations Thread 22" [_thread_blocked, id=15772, stack(0x000000f701800000,0x000000f701900000)]
  0x000002cb89bde010 JavaThread "Unconstrained build operations Thread 23" [_thread_blocked, id=17364, stack(0x000000f701900000,0x000000f701a00000)]
  0x000002cb89bd8a00 JavaThread "Unconstrained build operations Thread 24" [_thread_blocked, id=17312, stack(0x000000f701a00000,0x000000f701b00000)]

Other Threads:
  0x000002cbff9ce1c0 VMThread "VM Thread" [stack: 0x000000f77d600000,0x000000f77d700000] [id=14148]
  0x000002cbffdcb910 WatcherThread [stack: 0x000000f77e200000,0x000000f77e300000] [id=16596]
  0x000002cbe561eb70 GCTaskThread "GC Thread#0" [stack: 0x000000f77d100000,0x000000f77d200000] [id=10572]
  0x000002cb871ca1a0 GCTaskThread "GC Thread#1" [stack: 0x000000f77e400000,0x000000f77e500000] [id=14784]
  0x000002cb86e048d0 GCTaskThread "GC Thread#2" [stack: 0x000000f77e500000,0x000000f77e600000] [id=3236]
  0x000002cb86688910 GCTaskThread "GC Thread#3" [stack: 0x000000f77e600000,0x000000f77e700000] [id=6112]
  0x000002cb86497820 GCTaskThread "GC Thread#4" [stack: 0x000000f77e700000,0x000000f77e800000] [id=16128]
  0x000002cb87ea0cd0 GCTaskThread "GC Thread#5" [stack: 0x000000f77f100000,0x000000f77f200000] [id=18132]
  0x000002cb8772e090 GCTaskThread "GC Thread#6" [stack: 0x000000f77f200000,0x000000f77f300000] [id=4060]
  0x000002cb87774700 GCTaskThread "GC Thread#7" [stack: 0x000000f77f300000,0x000000f77f400000] [id=4008]
  0x000002cb8789fb20 GCTaskThread "GC Thread#8" [stack: 0x000000f77f400000,0x000000f77f500000] [id=15504]
  0x000002cb86bb92c0 GCTaskThread "GC Thread#9" [stack: 0x000000f77f500000,0x000000f77f600000] [id=13916]
  0x000002cbe57b0cb0 ConcurrentGCThread "G1 Main Marker" [stack: 0x000000f77d200000,0x000000f77d300000] [id=4112]
  0x000002cbe57b16d0 ConcurrentGCThread "G1 Conc#0" [stack: 0x000000f77d300000,0x000000f77d400000] [id=10040]
  0x000002cb877bc110 ConcurrentGCThread "G1 Conc#1" [stack: 0x000000f77f600000,0x000000f77f700000] [id=6404]
  0x000002cb8718a700 ConcurrentGCThread "G1 Conc#2" [stack: 0x000000f77f700000,0x000000f77f800000] [id=16300]
  0x000002cbff824120 ConcurrentGCThread "G1 Refine#0" [stack: 0x000000f77d400000,0x000000f77d500000] [id=4852]
  0x000002cbff826b60 ConcurrentGCThread "G1 Service" [stack: 0x000000f77d500000,0x000000f77d600000] [id=4784]

Threads with active compile tasks:
C2 CompilerThread0    17937 7031       4       org.objectweb.asm.SymbolTable::addConstantUtf8Reference (101 bytes)

VM state: not at safepoint (normal execution)

VM Mutex/Monitor currently owned by a thread: None

Heap address: 0x0000000080000000, size: 2048 MB, Compressed Oops mode: 32-bit

CDS archive(s) not mapped
Compressed class space mapped at: 0x0000000100000000-0x0000000140000000, reserved size: 1073741824
Narrow klass base: 0x0000000000000000, Narrow klass shift: 3, Narrow klass range: 0x140000000

GC Precious Log:
 CPUs: 12 total, 12 available
 Memory: 7528M
 Large Page Support: Disabled
 NUMA Support: Disabled
 Compressed Oops: Enabled (32-bit)
 Heap Region Size: 1M
 Heap Min Capacity: 8M
 Heap Initial Capacity: 118M
 Heap Max Capacity: 2G
 Pre-touch: Disabled
 Parallel Workers: 10
 Concurrent Workers: 3
 Concurrent Refinement Workers: 10
 Periodic GC: Disabled

Heap:
 garbage-first heap   total 100352K, used 88007K [0x0000000080000000, 0x0000000100000000)
  region size 1024K, 28 young (28672K), 1 survivors (1024K)
 Metaspace       used 62753K, committed 63296K, reserved 1114112K
  class space    used 8546K, committed 8768K, reserved 1048576K

Heap Regions: E=young(eden), S=young(survivor), O=old, HS=humongous(starts), HC=humongous(continues), CS=collection set, F=free, OA=open archive, CA=closed archive, TAMS=top-at-mark-start (previous, next)
|   0|0x0000000080000000, 0x0000000080100000, 0x0000000080100000|100%|HS|  |TAMS 0x0000000080100000, 0x0000000080000000| Complete 
|   1|0x0000000080100000, 0x0000000080200000, 0x0000000080200000|100%|HC|  |TAMS 0x0000000080200000, 0x0000000080100000| Complete 
|   2|0x0000000080200000, 0x0000000080300000, 0x0000000080300000|100%|HC|  |TAMS 0x0000000080300000, 0x0000000080200000| Complete 
|   3|0x0000000080300000, 0x0000000080400000, 0x0000000080400000|100%|HC|  |TAMS 0x0000000080400000, 0x0000000080300000| Complete 
|   4|0x0000000080400000, 0x0000000080500000, 0x0000000080500000|100%| O|  |TAMS 0x0000000080500000, 0x0000000080400000| Untracked 
|   5|0x0000000080500000, 0x0000000080600000, 0x0000000080600000|100%| O|  |TAMS 0x0000000080600000, 0x0000000080500000| Untracked 
|   6|0x0000000080600000, 0x0000000080700000, 0x0000000080700000|100%| O|  |TAMS 0x0000000080700000, 0x0000000080600000| Untracked 
|   7|0x0000000080700000, 0x0000000080800000, 0x0000000080800000|100%| O|  |TAMS 0x0000000080800000, 0x0000000080700000| Untracked 
|   8|0x0000000080800000, 0x0000000080900000, 0x0000000080900000|100%| O|  |TAMS 0x0000000080900000, 0x0000000080800000| Untracked 
|   9|0x0000000080900000, 0x0000000080a00000, 0x0000000080a00000|100%| O|  |TAMS 0x0000000080a00000, 0x0000000080900000| Untracked 
|  10|0x0000000080a00000, 0x0000000080afa600, 0x0000000080b00000| 97%| O|  |TAMS 0x0000000080afa600, 0x0000000080a00000| Untracked 
|  11|0x0000000080b00000, 0x0000000080c00000, 0x0000000080c00000|100%| O|  |TAMS 0x0000000080c00000, 0x0000000080b00000| Untracked 
|  12|0x0000000080c00000, 0x0000000080d00000, 0x0000000080d00000|100%| O|  |TAMS 0x0000000080d00000, 0x0000000080c00000| Untracked 
|  13|0x0000000080d00000, 0x0000000080e00000, 0x0000000080e00000|100%| O|  |TAMS 0x0000000080e00000, 0x0000000080d00000| Untracked 
|  14|0x0000000080e00000, 0x0000000080f00000, 0x0000000080f00000|100%| O|  |TAMS 0x0000000080f00000, 0x0000000080e00000| Untracked 
|  15|0x0000000080f00000, 0x0000000081000000, 0x0000000081000000|100%| O|  |TAMS 0x0000000081000000, 0x0000000080f00000| Untracked 
|  16|0x0000000081000000, 0x0000000081100000, 0x0000000081100000|100%| O|  |TAMS 0x0000000081100000, 0x0000000081000000| Untracked 
|  17|0x0000000081100000, 0x0000000081200000, 0x0000000081200000|100%| O|  |TAMS 0x0000000081200000, 0x0000000081100000| Untracked 
|  18|0x0000000081200000, 0x0000000081300000, 0x0000000081300000|100%| O|  |TAMS 0x0000000081300000, 0x0000000081200000| Untracked 
|  19|0x0000000081300000, 0x0000000081400000, 0x0000000081400000|100%| O|  |TAMS 0x0000000081400000, 0x0000000081300000| Untracked 
|  20|0x0000000081400000, 0x0000000081500000, 0x0000000081500000|100%| O|  |TAMS 0x0000000081500000, 0x0000000081400000| Untracked 
|  21|0x0000000081500000, 0x0000000081600000, 0x0000000081600000|100%| O|  |TAMS 0x0000000081600000, 0x0000000081500000| Untracked 
|  22|0x0000000081600000, 0x0000000081700000, 0x0000000081700000|100%| O|  |TAMS 0x0000000081700000, 0x0000000081600000| Untracked 
|  23|0x0000000081700000, 0x0000000081800000, 0x0000000081800000|100%| O|  |TAMS 0x0000000081700000, 0x0000000081700000| Untracked 
|  24|0x0000000081800000, 0x0000000081900000, 0x0000000081900000|100%| O|  |TAMS 0x0000000081900000, 0x0000000081800000| Untracked 
|  25|0x0000000081900000, 0x0000000081a00000, 0x0000000081a00000|100%| O|  |TAMS 0x0000000081a00000, 0x0000000081900000| Untracked 
|  26|0x0000000081a00000, 0x0000000081b00000, 0x0000000081b00000|100%| O|  |TAMS 0x0000000081b00000, 0x0000000081a00000| Untracked 
|  27|0x0000000081b00000, 0x0000000081c00000, 0x0000000081c00000|100%| O|  |TAMS 0x0000000081c00000, 0x0000000081b00000| Untracked 
|  28|0x0000000081c00000, 0x0000000081d00000, 0x0000000081d00000|100%| O|  |TAMS 0x0000000081d00000, 0x0000000081c00000| Untracked 
|  29|0x0000000081d00000, 0x0000000081e00000, 0x0000000081e00000|100%| O|  |TAMS 0x0000000081e00000, 0x0000000081d00000| Untracked 
|  30|0x0000000081e00000, 0x0000000081f00000, 0x0000000081f00000|100%| O|  |TAMS 0x0000000081f00000, 0x0000000081e00000| Untracked 
|  31|0x0000000081f00000, 0x0000000082000000, 0x0000000082000000|100%| O|  |TAMS 0x0000000082000000, 0x0000000081f00000| Complete 
|  32|0x0000000082000000, 0x0000000082100000, 0x0000000082100000|100%| O|  |TAMS 0x0000000082100000, 0x0000000082000000| Untracked 
|  33|0x0000000082100000, 0x0000000082200000, 0x0000000082200000|100%| O|  |TAMS 0x0000000082200000, 0x0000000082100000| Untracked 
|  34|0x0000000082200000, 0x0000000082300000, 0x0000000082300000|100%| O|  |TAMS 0x0000000082300000, 0x0000000082200000| Untracked 
|  35|0x0000000082300000, 0x0000000082400000, 0x0000000082400000|100%| O|  |TAMS 0x0000000082400000, 0x0000000082300000| Untracked 
|  36|0x0000000082400000, 0x0000000082500000, 0x0000000082500000|100%| O|  |TAMS 0x0000000082500000, 0x0000000082400000| Untracked 
|  37|0x0000000082500000, 0x0000000082600000, 0x0000000082600000|100%| O|  |TAMS 0x0000000082600000, 0x0000000082500000| Untracked 
|  38|0x0000000082600000, 0x0000000082700000, 0x0000000082700000|100%| O|  |TAMS 0x0000000082700000, 0x0000000082600000| Untracked 
|  39|0x0000000082700000, 0x0000000082800000, 0x0000000082800000|100%| O|  |TAMS 0x0000000082800000, 0x0000000082700000| Untracked 
|  40|0x0000000082800000, 0x0000000082900000, 0x0000000082900000|100%| O|  |TAMS 0x0000000082900000, 0x0000000082800000| Untracked 
|  41|0x0000000082900000, 0x0000000082a00000, 0x0000000082a00000|100%| O|  |TAMS 0x0000000082a00000, 0x0000000082900000| Untracked 
|  42|0x0000000082a00000, 0x0000000082b00000, 0x0000000082b00000|100%| O|  |TAMS 0x0000000082b00000, 0x0000000082a00000| Untracked 
|  43|0x0000000082b00000, 0x0000000082c00000, 0x0000000082c00000|100%| O|  |TAMS 0x0000000082c00000, 0x0000000082b00000| Untracked 
|  44|0x0000000082c00000, 0x0000000082d00000, 0x0000000082d00000|100%| O|  |TAMS 0x0000000082c66a00, 0x0000000082c00000| Untracked 
|  45|0x0000000082d00000, 0x0000000082e00000, 0x0000000082e00000|100%| O|  |TAMS 0x0000000082d00000, 0x0000000082d00000| Untracked 
|  46|0x0000000082e00000, 0x0000000082e5ac00, 0x0000000082f00000| 35%| O|  |TAMS 0x0000000082e00000, 0x0000000082e00000| Untracked 
|  47|0x0000000082f00000, 0x0000000083000000, 0x0000000083000000|100%|HS|  |TAMS 0x0000000082f00000, 0x0000000082f00000| Complete 
|  48|0x0000000083000000, 0x0000000083100000, 0x0000000083100000|100%|HS|  |TAMS 0x0000000083000000, 0x0000000083000000| Complete 
|  49|0x0000000083100000, 0x0000000083200000, 0x0000000083200000|100%|HS|  |TAMS 0x0000000083100000, 0x0000000083100000| Complete 
|  50|0x0000000083200000, 0x0000000083300000, 0x0000000083300000|100%|HC|  |TAMS 0x0000000083200000, 0x0000000083200000| Complete 
|  51|0x0000000083300000, 0x0000000083400000, 0x0000000083400000|100%|HS|  |TAMS 0x0000000083300000, 0x0000000083300000| Complete 
|  52|0x0000000083400000, 0x0000000083500000, 0x0000000083500000|100%|HC|  |TAMS 0x0000000083400000, 0x0000000083400000| Complete 
|  53|0x0000000083500000, 0x0000000083600000, 0x0000000083600000|100%|HS|  |TAMS 0x0000000083500000, 0x0000000083500000| Complete 
|  54|0x0000000083600000, 0x0000000083700000, 0x0000000083700000|100%|HS|  |TAMS 0x0000000083600000, 0x0000000083600000| Complete 
|  55|0x0000000083700000, 0x0000000083800000, 0x0000000083800000|100%|HC|  |TAMS 0x0000000083700000, 0x0000000083700000| Complete 
|  56|0x0000000083800000, 0x0000000083900000, 0x0000000083900000|100%|HC|  |TAMS 0x0000000083800000, 0x0000000083800000| Complete 
|  57|0x0000000083900000, 0x0000000083a00000, 0x0000000083a00000|100%|HC|  |TAMS 0x0000000083900000, 0x0000000083900000| Complete 
|  58|0x0000000083a00000, 0x0000000083b00000, 0x0000000083b00000|100%|HS|  |TAMS 0x0000000083a00000, 0x0000000083a00000| Complete 
|  59|0x0000000083b00000, 0x0000000083c00000, 0x0000000083c00000|100%|HS|  |TAMS 0x0000000083b00000, 0x0000000083b00000| Complete 
|  60|0x0000000083c00000, 0x0000000083d00000, 0x0000000083d00000|100%|HS|  |TAMS 0x0000000083c00000, 0x0000000083c00000| Complete 
|  61|0x0000000083d00000, 0x0000000083d00000, 0x0000000083e00000|  0%| F|  |TAMS 0x0000000083d00000, 0x0000000083d00000| Untracked 
|  62|0x0000000083e00000, 0x0000000083e00000, 0x0000000083f00000|  0%| F|  |TAMS 0x0000000083e00000, 0x0000000083e00000| Untracked 
|  63|0x0000000083f00000, 0x0000000083f00000, 0x0000000084000000|  0%| F|  |TAMS 0x0000000083f00000, 0x0000000083f00000| Untracked 
|  64|0x0000000084000000, 0x0000000084000000, 0x0000000084100000|  0%| F|  |TAMS 0x0000000084000000, 0x0000000084000000| Untracked 
|  65|0x0000000084100000, 0x0000000084100000, 0x0000000084200000|  0%| F|  |TAMS 0x0000000084100000, 0x0000000084100000| Untracked 
|  66|0x0000000084200000, 0x0000000084200000, 0x0000000084300000|  0%| F|  |TAMS 0x0000000084200000, 0x0000000084200000| Untracked 
|  67|0x0000000084300000, 0x0000000084300000, 0x0000000084400000|  0%| F|  |TAMS 0x0000000084300000, 0x0000000084300000| Untracked 
|  68|0x0000000084400000, 0x0000000084400000, 0x0000000084500000|  0%| F|  |TAMS 0x0000000084400000, 0x0000000084400000| Untracked 
|  69|0x0000000084500000, 0x0000000084500000, 0x0000000084600000|  0%| F|  |TAMS 0x0000000084500000, 0x0000000084500000| Untracked 
|  70|0x0000000084600000, 0x000000008468d7c8, 0x0000000084700000| 55%| E|  |TAMS 0x0000000084600000, 0x0000000084600000| Complete 
|  71|0x0000000084700000, 0x0000000084800000, 0x0000000084800000|100%| E|CS|TAMS 0x0000000084700000, 0x0000000084700000| Complete 
|  72|0x0000000084800000, 0x0000000084900000, 0x0000000084900000|100%| E|  |TAMS 0x0000000084800000, 0x0000000084800000| Complete 
|  73|0x0000000084900000, 0x0000000084a00000, 0x0000000084a00000|100%| E|CS|TAMS 0x0000000084900000, 0x0000000084900000| Complete 
|  74|0x0000000084a00000, 0x0000000084b00000, 0x0000000084b00000|100%| E|CS|TAMS 0x0000000084a00000, 0x0000000084a00000| Complete 
|  75|0x0000000084b00000, 0x0000000084c00000, 0x0000000084c00000|100%| E|CS|TAMS 0x0000000084b00000, 0x0000000084b00000| Complete 
|  76|0x0000000084c00000, 0x0000000084d00000, 0x0000000084d00000|100%| E|CS|TAMS 0x0000000084c00000, 0x0000000084c00000| Complete 
|  77|0x0000000084d00000, 0x0000000084e00000, 0x0000000084e00000|100%| E|CS|TAMS 0x0000000084d00000, 0x0000000084d00000| Complete 
|  78|0x0000000084e00000, 0x0000000084f00000, 0x0000000084f00000|100%| E|CS|TAMS 0x0000000084e00000, 0x0000000084e00000| Complete 
|  79|0x0000000084f00000, 0x0000000085000000, 0x0000000085000000|100%| E|CS|TAMS 0x0000000084f00000, 0x0000000084f00000| Complete 
|  80|0x0000000085000000, 0x0000000085100000, 0x0000000085100000|100%| E|CS|TAMS 0x0000000085000000, 0x0000000085000000| Complete 
|  81|0x0000000085100000, 0x0000000085200000, 0x0000000085200000|100%| E|CS|TAMS 0x0000000085100000, 0x0000000085100000| Complete 
|  82|0x0000000085200000, 0x0000000085300000, 0x0000000085300000|100%| E|CS|TAMS 0x0000000085200000, 0x0000000085200000| Complete 
|  83|0x0000000085300000, 0x0000000085400000, 0x0000000085400000|100%| E|CS|TAMS 0x0000000085300000, 0x0000000085300000| Complete 
|  84|0x0000000085400000, 0x0000000085500000, 0x0000000085500000|100%| E|CS|TAMS 0x0000000085400000, 0x0000000085400000| Complete 
|  85|0x0000000085500000, 0x0000000085600000, 0x0000000085600000|100%| E|CS|TAMS 0x0000000085500000, 0x0000000085500000| Complete 
|  86|0x0000000085600000, 0x0000000085700000, 0x0000000085700000|100%| E|CS|TAMS 0x0000000085600000, 0x0000000085600000| Complete 
|  87|0x0000000085700000, 0x0000000085800000, 0x0000000085800000|100%| E|CS|TAMS 0x0000000085700000, 0x0000000085700000| Complete 
|  88|0x0000000085800000, 0x0000000085900000, 0x0000000085900000|100%| E|CS|TAMS 0x0000000085800000, 0x0000000085800000| Complete 
|  89|0x0000000085900000, 0x0000000085a00000, 0x0000000085a00000|100%| E|CS|TAMS 0x0000000085900000, 0x0000000085900000| Complete 
|  90|0x0000000085a00000, 0x0000000085b00000, 0x0000000085b00000|100%| E|CS|TAMS 0x0000000085a00000, 0x0000000085a00000| Complete 
|  91|0x0000000085b00000, 0x0000000085c00000, 0x0000000085c00000|100%| E|CS|TAMS 0x0000000085b00000, 0x0000000085b00000| Complete 
|  92|0x0000000085c00000, 0x0000000085c9cc60, 0x0000000085d00000| 61%| S|CS|TAMS 0x0000000085c00000, 0x0000000085c00000| Complete 
|  93|0x0000000085d00000, 0x0000000085e00000, 0x0000000085e00000|100%| E|CS|TAMS 0x0000000085d00000, 0x0000000085d00000| Complete 
|  94|0x0000000085e00000, 0x0000000085f00000, 0x0000000085f00000|100%| E|CS|TAMS 0x0000000085e00000, 0x0000000085e00000| Complete 
|  95|0x0000000085f00000, 0x0000000086000000, 0x0000000086000000|100%| E|CS|TAMS 0x0000000085f00000, 0x0000000085f00000| Complete 
|  96|0x0000000086000000, 0x0000000086100000, 0x0000000086100000|100%| E|CS|TAMS 0x0000000086000000, 0x0000000086000000| Complete 
| 117|0x0000000087500000, 0x0000000087600000, 0x0000000087600000|100%| E|CS|TAMS 0x0000000087500000, 0x0000000087500000| Complete 

Card table byte_map: [0x000002cbfa4b0000,0x000002cbfa8b0000] _byte_map_base: 0x000002cbfa0b0000

Marking Bits (Prev, Next): (CMBitMap*) 0x000002cbe57a0380, (CMBitMap*) 0x000002cbe57a03c0
 Prev Bits: [0x000002cbfacb0000, 0x000002cbfccb0000)
 Next Bits: [0x000002cbfccb0000, 0x000002cbfecb0000)

Polling page: 0x000002cbe57f0000

Metaspace:

Usage:
  Non-class:     52.94 MB used.
      Class:      8.35 MB used.
       Both:     61.29 MB used.

Virtual space:
  Non-class space:       64.00 MB reserved,      53.25 MB ( 83%) committed,  1 nodes.
      Class space:        1.00 GB reserved,       8.56 MB ( <1%) committed,  1 nodes.
             Both:        1.06 GB reserved,      61.81 MB (  6%) committed. 

Chunk freelists:
   Non-Class:  10.08 MB
       Class:  7.45 MB
        Both:  17.53 MB

MaxMetaspaceSize: unlimited
CompressedClassSpaceSize: 1.00 GB
Initial GC threshold: 21.00 MB
Current GC threshold: 100.75 MB
CDS: off
MetaspaceReclaimPolicy: balanced
 - commit_granule_bytes: 65536.
 - commit_granule_words: 8192.
 - virtual_space_node_default_size: 8388608.
 - enlarge_chunks_in_place: 1.
 - new_chunks_are_fully_committed: 0.
 - uncommit_free_chunks: 1.
 - use_allocation_guard: 0.
 - handle_deallocations: 1.


Internal statistics:

num_allocs_failed_limit: 9.
num_arena_births: 664.
num_arena_deaths: 0.
num_vsnodes_births: 2.
num_vsnodes_deaths: 0.
num_space_committed: 989.
num_space_uncommitted: 0.
num_chunks_returned_to_freelist: 9.
num_chunks_taken_from_freelist: 2730.
num_chunk_merges: 9.
num_chunk_splits: 1786.
num_chunks_enlarged: 1196.
num_inconsistent_stats: 0.

CodeHeap 'non-profiled nmethods': size=120000Kb used=3253Kb max_used=3253Kb free=116746Kb
 bounds [0x000002cbf1ef0000, 0x000002cbf2220000, 0x000002cbf9420000]
CodeHeap 'profiled nmethods': size=120000Kb used=12530Kb max_used=12530Kb free=107469Kb
 bounds [0x000002cbea420000, 0x000002cbeb060000, 0x000002cbf1950000]
CodeHeap 'non-nmethods': size=5760Kb used=1653Kb max_used=1695Kb free=4106Kb
 bounds [0x000002cbf1950000, 0x000002cbf1bc0000, 0x000002cbf1ef0000]
 total_blobs=7699 nmethods=6967 adapters=644
 compilation: enabled
              stopped_count=0, restarted_count=0
 full_count=0

Compilation events (20 events):
Event: 17.796 Thread 0x000002cbffb570d0 7028       3       java.lang.invoke.MethodHandles::constant (88 bytes)
Event: 17.797 Thread 0x000002cbffb570d0 nmethod 7028 0x000002cbeb054910 code [0x000002cbeb054c00, 0x000002cbeb055b18]
Event: 17.798 Thread 0x000002cbffb570d0 7029       3       sun.reflect.generics.scope.AbstractScope::lookup (66 bytes)
Event: 17.798 Thread 0x000002cbffb570d0 nmethod 7029 0x000002cbeb056090 code [0x000002cbeb0562a0, 0x000002cbeb056a88]
Event: 17.826 Thread 0x000002cbffb566d0 nmethod 7011 0x000002cbf221a910 code [0x000002cbf221ab60, 0x000002cbf221ba60]
Event: 17.826 Thread 0x000002cbffb566d0 7008       4       org.gradle.internal.reflect.MethodSet$MethodKey::equals (89 bytes)
Event: 17.828 Thread 0x000002cbffb570d0 7030       3       org.objectweb.asm.ByteVector::putUTF8 (144 bytes)
Event: 17.829 Thread 0x000002cbffb570d0 nmethod 7030 0x000002cbeb056d10 code [0x000002cbeb056f80, 0x000002cbeb057ac8]
Event: 17.830 Thread 0x000002cbffb570d0 7032       3       java.lang.Class::getEnclosingMethodInfo (20 bytes)
Event: 17.831 Thread 0x000002cbffb570d0 nmethod 7032 0x000002cbeb058010 code [0x000002cbeb0581c0, 0x000002cbeb0583f8]
Event: 17.832 Thread 0x000002cbffb566d0 nmethod 7008 0x000002cbf221c990 code [0x000002cbf221cb20, 0x000002cbf221cef8]
Event: 17.832 Thread 0x000002cbffb566d0 7031       4       org.objectweb.asm.SymbolTable::addConstantUtf8Reference (101 bytes)
Event: 17.848 Thread 0x000002cbffb570d0 7033       3       java.net.URL::openConnection (9 bytes)
Event: 17.848 Thread 0x000002cbffb570d0 nmethod 7033 0x000002cbeb058510 code [0x000002cbeb0586c0, 0x000002cbeb058888]
Event: 17.853 Thread 0x000002cbffb570d0 7035       3       java.util.concurrent.ConcurrentHashMap::get (162 bytes)
Event: 17.854 Thread 0x000002cbffb570d0 nmethod 7035 0x000002cbeb058990 code [0x000002cbeb058be0, 0x000002cbeb0596a8]
Event: 17.857 Thread 0x000002cbffb570d0 7036       3       jdk.internal.loader.URLClassPath::findResource (38 bytes)
Event: 17.857 Thread 0x000002cbffb570d0 nmethod 7036 0x000002cbeb059990 code [0x000002cbeb059b60, 0x000002cbeb059e98]
Event: 17.857 Thread 0x000002cbffb570d0 7037       3       java.net.URLConnection::getDefaultUseCaches (30 bytes)
Event: 17.858 Thread 0x000002cbffb570d0 nmethod 7037 0x000002cbeb05a010 code [0x000002cbeb05a200, 0x000002cbeb05a6c8]

GC Heap History (20 events):
Event: 4.477 GC heap before
{Heap before GC invocations=9 (full 0):
 garbage-first heap   total 68608K, used 51580K [0x0000000080000000, 0x0000000100000000)
  region size 1024K, 29 young (29696K), 2 survivors (2048K)
 Metaspace       used 41285K, committed 41664K, reserved 1114112K
  class space    used 5474K, committed 5632K, reserved 1048576K
}
Event: 4.482 GC heap after
{Heap after GC invocations=10 (full 0):
 garbage-first heap   total 82944K, used 28312K [0x0000000080000000, 0x0000000100000000)
  region size 1024K, 4 young (4096K), 4 survivors (4096K)
 Metaspace       used 41285K, committed 41664K, reserved 1114112K
  class space    used 5474K, committed 5632K, reserved 1048576K
}
Event: 4.768 GC heap before
{Heap before GC invocations=10 (full 0):
 garbage-first heap   total 82944K, used 63128K [0x0000000080000000, 0x0000000100000000)
  region size 1024K, 38 young (38912K), 4 survivors (4096K)
 Metaspace       used 42922K, committed 43328K, reserved 1114112K
  class space    used 5723K, committed 5888K, reserved 1048576K
}
Event: 4.774 GC heap after
{Heap after GC invocations=11 (full 0):
 garbage-first heap   total 82944K, used 30643K [0x0000000080000000, 0x0000000100000000)
  region size 1024K, 5 young (5120K), 5 survivors (5120K)
 Metaspace       used 42922K, committed 43328K, reserved 1114112K
  class space    used 5723K, committed 5888K, reserved 1048576K
}
Event: 5.318 GC heap before
{Heap before GC invocations=11 (full 0):
 garbage-first heap   total 82944K, used 63411K [0x0000000080000000, 0x0000000100000000)
  region size 1024K, 37 young (37888K), 5 survivors (5120K)
 Metaspace       used 46946K, committed 47424K, reserved 1114112K
  class space    used 6394K, committed 6592K, reserved 1048576K
}
Event: 5.324 GC heap after
{Heap after GC invocations=12 (full 0):
 garbage-first heap   total 82944K, used 33462K [0x0000000080000000, 0x0000000100000000)
  region size 1024K, 5 young (5120K), 5 survivors (5120K)
 Metaspace       used 46946K, committed 47424K, reserved 1114112K
  class space    used 6394K, committed 6592K, reserved 1048576K
}
Event: 5.848 GC heap before
{Heap before GC invocations=12 (full 0):
 garbage-first heap   total 82944K, used 63158K [0x0000000080000000, 0x0000000100000000)
  region size 1024K, 35 young (35840K), 5 survivors (5120K)
 Metaspace       used 50842K, committed 51264K, reserved 1114112K
  class space    used 7013K, committed 7232K, reserved 1048576K
}
Event: 5.855 GC heap after
{Heap after GC invocations=13 (full 0):
 garbage-first heap   total 82944K, used 35156K [0x0000000080000000, 0x0000000100000000)
  region size 1024K, 2 young (2048K), 2 survivors (2048K)
 Metaspace       used 50842K, committed 51264K, reserved 1114112K
  class space    used 7013K, committed 7232K, reserved 1048576K
}
Event: 6.362 GC heap before
{Heap before GC invocations=13 (full 0):
 garbage-first heap   total 82944K, used 66900K [0x0000000080000000, 0x0000000100000000)
  region size 1024K, 31 young (31744K), 2 survivors (2048K)
 Metaspace       used 54653K, committed 55168K, reserved 1114112K
  class space    used 7502K, committed 7744K, reserved 1048576K
}
Event: 6.366 GC heap after
{Heap after GC invocations=14 (full 0):
 garbage-first heap   total 82944K, used 36832K [0x0000000080000000, 0x0000000100000000)
  region size 1024K, 4 young (4096K), 4 survivors (4096K)
 Metaspace       used 54653K, committed 55168K, reserved 1114112K
  class space    used 7502K, committed 7744K, reserved 1048576K
}
Event: 7.011 GC heap before
{Heap before GC invocations=14 (full 0):
 garbage-first heap   total 82944K, used 64480K [0x0000000080000000, 0x0000000100000000)
  region size 1024K, 32 young (32768K), 4 survivors (4096K)
 Metaspace       used 59820K, committed 60288K, reserved 1114112K
  class space    used 8164K, committed 8384K, reserved 1048576K
}
Event: 7.018 GC heap after
{Heap after GC invocations=15 (full 0):
 garbage-first heap   total 82944K, used 39474K [0x0000000080000000, 0x0000000100000000)
  region size 1024K, 4 young (4096K), 4 survivors (4096K)
 Metaspace       used 59820K, committed 60288K, reserved 1114112K
  class space    used 8164K, committed 8384K, reserved 1048576K
}
Event: 7.582 GC heap before
{Heap before GC invocations=16 (full 0):
 garbage-first heap   total 82944K, used 65074K [0x0000000080000000, 0x0000000100000000)
  region size 1024K, 30 young (30720K), 4 survivors (4096K)
 Metaspace       used 60745K, committed 61248K, reserved 1114112K
  class space    used 8290K, committed 8512K, reserved 1048576K
}
Event: 7.589 GC heap after
{Heap after GC invocations=17 (full 0):
 garbage-first heap   total 82944K, used 44750K [0x0000000080000000, 0x0000000100000000)
  region size 1024K, 4 young (4096K), 4 survivors (4096K)
 Metaspace       used 60745K, committed 61248K, reserved 1114112K
  class space    used 8290K, committed 8512K, reserved 1048576K
}
Event: 7.598 GC heap before
{Heap before GC invocations=17 (full 0):
 garbage-first heap   total 82944K, used 44750K [0x0000000080000000, 0x0000000100000000)
  region size 1024K, 5 young (5120K), 4 survivors (4096K)
 Metaspace       used 60752K, committed 61248K, reserved 1114112K
  class space    used 8290K, committed 8512K, reserved 1048576K
}
Event: 7.602 GC heap after
{Heap after GC invocations=18 (full 0):
 garbage-first heap   total 100352K, used 45381K [0x0000000080000000, 0x0000000100000000)
  region size 1024K, 1 young (1024K), 1 survivors (1024K)
 Metaspace       used 60752K, committed 61248K, reserved 1114112K
  class space    used 8290K, committed 8512K, reserved 1048576K
}
Event: 7.857 GC heap before
{Heap before GC invocations=18 (full 0):
 garbage-first heap   total 100352K, used 76101K [0x0000000080000000, 0x0000000100000000)
  region size 1024K, 32 young (32768K), 1 survivors (1024K)
 Metaspace       used 61213K, committed 61696K, reserved 1114112K
  class space    used 8322K, committed 8512K, reserved 1048576K
}
Event: 7.860 GC heap after
{Heap after GC invocations=19 (full 0):
 garbage-first heap   total 100352K, used 47666K [0x0000000080000000, 0x0000000100000000)
  region size 1024K, 4 young (4096K), 4 survivors (4096K)
 Metaspace       used 61213K, committed 61696K, reserved 1114112K
  class space    used 8322K, committed 8512K, reserved 1048576K
}
Event: 7.914 GC heap before
{Heap before GC invocations=19 (full 0):
 garbage-first heap   total 100352K, used 50738K [0x0000000080000000, 0x0000000100000000)
  region size 1024K, 9 young (9216K), 4 survivors (4096K)
 Metaspace       used 61294K, committed 61888K, reserved 1114112K
  class space    used 8329K, committed 8576K, reserved 1048576K
}
Event: 7.917 GC heap after
{Heap after GC invocations=20 (full 0):
 garbage-first heap   total 100352K, used 48071K [0x0000000080000000, 0x0000000100000000)
  region size 1024K, 1 young (1024K), 1 survivors (1024K)
 Metaspace       used 61294K, committed 61888K, reserved 1114112K
  class space    used 8329K, committed 8576K, reserved 1048576K
}

Dll operation events (3 events):
Event: 0.010 Loaded shared library R:\Programes\Andriod\studio\jbr\bin\java.dll
Event: 0.123 Loaded shared library R:\Programes\Andriod\studio\jbr\bin\zip.dll
Event: 0.437 Loaded shared library R:\Programes\Andriod\studio\jbr\bin\verify.dll

Deoptimization events (20 events):
Event: 17.732 Thread 0x000002cb8789b5d0 DEOPT PACKING pc=0x000002cbf2117558 sp=0x000000f77edf6700
Event: 17.732 Thread 0x000002cb8789b5d0 DEOPT UNPACKING pc=0x000002cbf19a69a3 sp=0x000000f77edf66c0 mode 2
Event: 17.828 Thread 0x000002cb8789b5d0 DEOPT PACKING pc=0x000002cbeafe4191 sp=0x000000f77edf6ab0
Event: 17.828 Thread 0x000002cb8789b5d0 DEOPT UNPACKING pc=0x000002cbf19a7143 sp=0x000000f77edf5fc0 mode 0
Event: 17.835 Thread 0x000002cb8789b5d0 Uncommon trap: trap_request=0xffffffde fr.pc=0x000002cbf2133e00 relative=0x0000000000005e40
Event: 17.835 Thread 0x000002cb8789b5d0 Uncommon trap: reason=class_check action=maybe_recompile pc=0x000002cbf2133e00 method=java.util.jar.JarFile.getManifestFromReference()Ljava/util/jar/Manifest; @ 152 c2
Event: 17.835 Thread 0x000002cb8789b5d0 DEOPT PACKING pc=0x000002cbf2133e00 sp=0x000000f77edf6af0
Event: 17.835 Thread 0x000002cb8789b5d0 DEOPT UNPACKING pc=0x000002cbf19a69a3 sp=0x000000f77edf68e8 mode 2
Event: 17.849 Thread 0x000002cb8789b5d0 Uncommon trap: trap_request=0xffffffc6 fr.pc=0x000002cbf217988c relative=0x000000000000098c
Event: 17.849 Thread 0x000002cb8789b5d0 Uncommon trap: reason=bimorphic_or_optimized_type_check action=maybe_recompile pc=0x000002cbf217988c method=java.io.BufferedInputStream.read1([BII)I @ 39 c2
Event: 17.849 Thread 0x000002cb8789b5d0 DEOPT PACKING pc=0x000002cbf217988c sp=0x000000f77edf6930
Event: 17.849 Thread 0x000002cb8789b5d0 DEOPT UNPACKING pc=0x000002cbf19a69a3 sp=0x000000f77edf6848 mode 2
Event: 17.849 Thread 0x000002cb8789b5d0 Uncommon trap: trap_request=0xffffffc6 fr.pc=0x000002cbf217988c relative=0x000000000000098c
Event: 17.849 Thread 0x000002cb8789b5d0 Uncommon trap: reason=bimorphic_or_optimized_type_check action=maybe_recompile pc=0x000002cbf217988c method=java.io.BufferedInputStream.read1([BII)I @ 39 c2
Event: 17.849 Thread 0x000002cb8789b5d0 DEOPT PACKING pc=0x000002cbf217988c sp=0x000000f77edf6930
Event: 17.849 Thread 0x000002cb8789b5d0 DEOPT UNPACKING pc=0x000002cbf19a69a3 sp=0x000000f77edf6848 mode 2
Event: 17.849 Thread 0x000002cb8789b5d0 Uncommon trap: trap_request=0xffffffc6 fr.pc=0x000002cbf217988c relative=0x000000000000098c
Event: 17.849 Thread 0x000002cb8789b5d0 Uncommon trap: reason=bimorphic_or_optimized_type_check action=maybe_recompile pc=0x000002cbf217988c method=java.io.BufferedInputStream.read1([BII)I @ 39 c2
Event: 17.849 Thread 0x000002cb8789b5d0 DEOPT PACKING pc=0x000002cbf217988c sp=0x000000f77edf6930
Event: 17.849 Thread 0x000002cb8789b5d0 DEOPT UNPACKING pc=0x000002cbf19a69a3 sp=0x000000f77edf6848 mode 2

Classes unloaded (0 events):
No events

Classes redefined (0 events):
No events

Internal exceptions (20 events):
Event: 6.939 Thread 0x000002cb8789b5d0 Exception <a 'java/net/UnknownHostException'{0x000000008373b170}> (0x000000008373b170) 
thrown [s\src\hotspot\share\prims\jni.cpp, line 531]
Event: 6.944 Thread 0x000002cb8789b5d0 Exception <a 'java/lang/ClassNotFoundException'{0x00000000837644e8}: sun/misc/SharedSecrets> (0x00000000837644e8) 
thrown [s\src\hotspot\share\classfile\systemDictionary.cpp, line 256]
Event: 6.957 Thread 0x000002cb8789b5d0 Implicit null exception at 0x000002cbf1f51952 to 0x000002cbf1f51ef4
Event: 6.959 Thread 0x000002cb8789b5d0 Exception <a 'java/net/UnknownHostException'{0x00000000837be058}> (0x00000000837be058) 
thrown [s\src\hotspot\share\prims\jni.cpp, line 531]
Event: 7.514 Thread 0x000002cb8789b5d0 Exception <a 'java/lang/NoSuchMethodError'{0x0000000083eea250}: 'java.lang.Object java.lang.invoke.DirectMethodHandle$Holder.newInvokeSpecial(java.lang.Object, java.lang.Object, java.lang.Object, java.lang.Object, int, java.lang.Object)'> (0x0000000083eea250) 
thrown [s\src\hotspot\share\interpreter\linkResolver.cpp, line 771]
Event: 7.514 Thread 0x000002cb8789b5d0 Exception <a 'java/lang/NoSuchMethodError'{0x0000000083eef5a8}: 'java.lang.Object java.lang.invoke.Invokers$Holder.linkToTargetMethod(java.lang.Object, java.lang.Object, java.lang.Object, int, java.lang.Object, java.lang.Object)'> (0x0000000083eef5a8) 
thrown [s\src\hotspot\share\interpreter\linkResolver.cpp, line 771]
Event: 7.841 Thread 0x000002cb8789b5d0 Exception <a 'java/lang/NoSuchMethodError'{0x00000000844e29d0}: 'long java.lang.invoke.DirectMethodHandle$Holder.invokeVirtual(java.lang.Object, java.lang.Object)'> (0x00000000844e29d0) 
thrown [s\src\hotspot\share\interpreter\linkResolver.cpp, line 771]
Event: 7.844 Thread 0x000002cb8789abb0 Exception <a 'java/lang/NoSuchMethodError'{0x000000008436fe30}: static Lorg/gradle/internal/build/event/types/DefaultOperationFinishedProgressEvent;.<clinit>()V> (0x000000008436fe30) 
thrown [s\src\hotspot\share\prims\jni.cpp, line 1127]
Event: 7.846 Thread 0x000002cb8789abb0 Exception <a 'java/lang/NoSuchMethodError'{0x000000008439deb8}: static Lorg/gradle/internal/build/event/types/DefaultProjectConfigurationSuccessResult;.<clinit>()V> (0x000000008439deb8) 
thrown [s\src\hotspot\share\prims\jni.cpp, line 1127]
Event: 7.846 Thread 0x000002cb8789abb0 Exception <a 'java/lang/NoSuchMethodError'{0x000000008439f450}: static Lorg/gradle/internal/build/event/types/AbstractProjectConfigurationResult;.<clinit>()V> (0x000000008439f450) 
thrown [s\src\hotspot\share\prims\jni.cpp, line 1127]
Event: 7.847 Thread 0x000002cb8789abb0 Exception <a 'java/lang/NoSuchMethodError'{0x00000000843a0b98}: static Lorg/gradle/internal/build/event/types/AbstractOperationResult;.<clinit>()V> (0x00000000843a0b98) 
thrown [s\src\hotspot\share\prims\jni.cpp, line 1127]
Event: 7.847 Thread 0x000002cb8789abb0 Exception <a 'java/lang/NoSuchMethodError'{0x00000000843a2010}: static Lorg/gradle/internal/build/event/types/AbstractResult;.<clinit>()V> (0x00000000843a2010) 
thrown [s\src\hotspot\share\prims\jni.cpp, line 1127]
Event: 7.848 Thread 0x000002cb8789abb0 Exception <a 'java/lang/NoSuchMethodError'{0x00000000843bab10}: static Lorg/gradle/internal/build/event/types/DefaultPluginApplicationResult;.<clinit>()V> (0x00000000843bab10) 
thrown [s\src\hotspot\share\prims\jni.cpp, line 1127]
Event: 7.848 Thread 0x000002cb8789abb0 Exception <a 'java/lang/NoSuchMethodError'{0x00000000843c7940}: static Lorg/gradle/internal/build/event/types/DefaultBinaryPluginIdentifier;.<clinit>()V> (0x00000000843c7940) 
thrown [s\src\hotspot\share\prims\jni.cpp, line 1127]
Event: 7.850 Thread 0x000002cb8789abb0 Exception <a 'java/lang/NoSuchMethodError'{0x00000000843e1918}: static Lorg/gradle/internal/build/event/types/DefaultScriptPluginIdentifier;.<clinit>()V> (0x00000000843e1918) 
thrown [s\src\hotspot\share\prims\jni.cpp, line 1127]
Event: 17.420 Thread 0x000002cb8789b5d0 Exception <a 'java/net/UnknownHostException'{0x00000000857dd6e8}> (0x00000000857dd6e8) 
thrown [s\src\hotspot\share\prims\jni.cpp, line 531]
Event: 17.484 Thread 0x000002cb8789b5d0 Exception <a 'java/lang/NoSuchMethodError'{0x000000008551a060}: 'void java.lang.invoke.Invokers$Holder.invoke_MT(java.lang.Object, java.lang.Object, java.lang.Object, java.lang.Object)'> (0x000000008551a060) 
thrown [s\src\hotspot\share\interpreter\linkResolver.cpp, line 771]
Event: 17.492 Thread 0x000002cb8789b5d0 Exception <a 'java/lang/NoSuchMethodError'{0x0000000085599aa8}: 'java.lang.Object java.lang.invoke.DirectMethodHandle$Holder.invokeSpecial(java.lang.Object, java.lang.Object, java.lang.Object, int, java.lang.Object, java.lang.Object)'> (0x0000000085599aa8) 
thrown [s\src\hotspot\share\interpreter\linkResolver.cpp, line 771]
Event: 17.518 Thread 0x000002cb8789b5d0 Exception <a 'java/lang/ClassNotFoundException'{0x000000008539fec0}: org/gradle/api/internal/plugins/DefaultObjectConfigurationActionBeanInfo> (0x000000008539fec0) 
thrown [s\src\hotspot\share\classfile\systemDictionary.cpp, line 256]
Event: 17.519 Thread 0x000002cb8789b5d0 Exception <a 'java/lang/ClassNotFoundException'{0x00000000853b60f0}: org/gradle/api/internal/plugins/DefaultObjectConfigurationActionCustomizer> (0x00000000853b60f0) 
thrown [s\src\hotspot\share\classfile\systemDictionary.cpp, line 256]

VM Operations (20 events):
Event: 7.914 Executing VM operation: G1TryInitiateConcMark
Event: 7.917 Executing VM operation: G1TryInitiateConcMark done
Event: 7.943 Executing VM operation: G1PauseRemark
Event: 7.946 Executing VM operation: G1PauseRemark done
Event: 7.957 Executing VM operation: G1PauseCleanup
Event: 7.957 Executing VM operation: G1PauseCleanup done
Event: 8.963 Executing VM operation: Cleanup
Event: 8.963 Executing VM operation: Cleanup done
Event: 9.979 Executing VM operation: Cleanup
Event: 9.979 Executing VM operation: Cleanup done
Event: 12.044 Executing VM operation: HandshakeAllThreads
Event: 12.045 Executing VM operation: HandshakeAllThreads done
Event: 12.045 Executing VM operation: Cleanup
Event: 12.045 Executing VM operation: Cleanup done
Event: 13.051 Executing VM operation: Cleanup
Event: 13.052 Executing VM operation: Cleanup done
Event: 17.088 Executing VM operation: Cleanup
Event: 17.088 Executing VM operation: Cleanup done
Event: 17.520 Executing VM operation: ICBufferFull
Event: 17.520 Executing VM operation: ICBufferFull done

Events (20 events):
Event: 7.544 Thread 0x000002cb87d99150 Thread added: 0x000002cb87d99150
Event: 7.547 Thread 0x000002cb87d9b9d0 Thread added: 0x000002cb87d9b9d0
Event: 7.550 Thread 0x000002cb89bdd0e0 Thread added: 0x000002cb89bdd0e0
Event: 7.553 Thread 0x000002cb89bdea30 Thread added: 0x000002cb89bdea30
Event: 7.556 Thread 0x000002cb89bd8f10 Thread added: 0x000002cb89bd8f10
Event: 7.559 Thread 0x000002cb89bdb280 Thread added: 0x000002cb89bdb280
Event: 7.842 loading class java/util/stream/SortedOps$RefSortingSink
Event: 7.842 loading class java/util/stream/SortedOps$RefSortingSink done
Event: 7.849 loading class java/time/Ser
Event: 7.849 loading class java/time/Ser done
Event: 12.023 loading class java/util/concurrent/LinkedBlockingDeque$Itr
Event: 12.024 loading class java/util/concurrent/LinkedBlockingDeque$AbstractItr
Event: 12.024 loading class java/util/concurrent/LinkedBlockingDeque$AbstractItr done
Event: 12.024 loading class java/util/concurrent/LinkedBlockingDeque$Itr done
Event: 17.458 Thread 0x000002cb89bde010 Thread added: 0x000002cb89bde010
Event: 17.465 Thread 0x000002cb89bd8a00 Thread added: 0x000002cb89bd8a00
Event: 17.489 loading class java/lang/ProcessBuilder
Event: 17.490 loading class java/lang/ProcessBuilder done
Event: 17.522 loading class jdk/internal/reflect/UnsafeObjectFieldAccessorImpl
Event: 17.522 loading class jdk/internal/reflect/UnsafeObjectFieldAccessorImpl done


Dynamic libraries:
0x00007ff73e3a0000 - 0x00007ff73e3aa000 	R:\Programes\Andriod\studio\jbr\bin\java.exe
0x00007ffcb1eb0000 - 0x00007ffcb20c6000 	C:\WINDOWS\SYSTEM32\ntdll.dll
0x00007ffcaa7d0000 - 0x00007ffcaa7ea000 	C:\Program Files\Avast Software\Avast\aswhook.dll
0x00007ffcb0a20000 - 0x00007ffcb0ae4000 	C:\WINDOWS\System32\KERNEL32.DLL
0x00007ffcaf2a0000 - 0x00007ffcaf646000 	C:\WINDOWS\System32\KERNELBASE.dll
0x00007ffcaf740000 - 0x00007ffcaf851000 	C:\WINDOWS\System32\ucrtbase.dll
0x00007ffc94ae0000 - 0x00007ffc94af7000 	R:\Programes\Andriod\studio\jbr\bin\jli.dll
0x00007ffc8f680000 - 0x00007ffc8f69b000 	R:\Programes\Andriod\studio\jbr\bin\VCRUNTIME140.dll
0x00007ffcb0160000 - 0x00007ffcb030d000 	C:\WINDOWS\System32\USER32.dll
0x00007ffcaf270000 - 0x00007ffcaf296000 	C:\WINDOWS\System32\win32u.dll
0x00007ffc9c550000 - 0x00007ffc9c7e3000 	C:\WINDOWS\WinSxS\amd64_microsoft.windows.common-controls_6595b64144ccf1df_6.0.22621.3235_none_270f74e173860f98\COMCTL32.dll
0x00007ffcb1660000 - 0x00007ffcb1689000 	C:\WINDOWS\System32\GDI32.dll
0x00007ffcb0af0000 - 0x00007ffcb0b97000 	C:\WINDOWS\System32\msvcrt.dll
0x00007ffcafae0000 - 0x00007ffcafbf8000 	C:\WINDOWS\System32\gdi32full.dll
0x00007ffcafa40000 - 0x00007ffcafada000 	C:\WINDOWS\System32\msvcp_win.dll
0x00007ffcb1730000 - 0x00007ffcb1761000 	C:\WINDOWS\System32\IMM32.DLL
0x00007ffc962d0000 - 0x00007ffc962dc000 	R:\Programes\Andriod\studio\jbr\bin\vcruntime140_1.dll
0x00007ffc6d4b0000 - 0x00007ffc6d53d000 	R:\Programes\Andriod\studio\jbr\bin\msvcp140.dll
0x00007ffc568c0000 - 0x00007ffc57543000 	R:\Programes\Andriod\studio\jbr\bin\server\jvm.dll
0x00007ffcb1770000 - 0x00007ffcb1822000 	C:\WINDOWS\System32\ADVAPI32.dll
0x00007ffcb06d0000 - 0x00007ffcb0778000 	C:\WINDOWS\System32\sechost.dll
0x00007ffcaf710000 - 0x00007ffcaf738000 	C:\WINDOWS\System32\bcrypt.dll
0x00007ffcb1540000 - 0x00007ffcb1655000 	C:\WINDOWS\System32\RPCRT4.dll
0x00007ffc97aa0000 - 0x00007ffc97aa9000 	C:\WINDOWS\SYSTEM32\WSOCK32.dll
0x00007ffca7810000 - 0x00007ffca7844000 	C:\WINDOWS\SYSTEM32\WINMM.dll
0x00007ffcaef10000 - 0x00007ffcaef5d000 	C:\WINDOWS\SYSTEM32\POWRPROF.dll
0x00007ffcb1830000 - 0x00007ffcb18a1000 	C:\WINDOWS\System32\WS2_32.dll
0x00007ffca8780000 - 0x00007ffca878a000 	C:\WINDOWS\SYSTEM32\VERSION.dll
0x00007ffcaeef0000 - 0x00007ffcaef03000 	C:\WINDOWS\SYSTEM32\UMPDC.dll
0x00007ffcae230000 - 0x00007ffcae248000 	C:\WINDOWS\SYSTEM32\kernel.appcore.dll
0x00007ffcaa5c0000 - 0x00007ffcaa5ca000 	R:\Programes\Andriod\studio\jbr\bin\jimage.dll
0x00007ffca3b90000 - 0x00007ffca3dc3000 	C:\WINDOWS\SYSTEM32\DBGHELP.DLL
0x00007ffcb1ae0000 - 0x00007ffcb1e68000 	C:\WINDOWS\System32\combase.dll
0x00007ffcb19b0000 - 0x00007ffcb1a87000 	C:\WINDOWS\System32\OLEAUT32.dll
0x00007ffca2450000 - 0x00007ffca2482000 	C:\WINDOWS\SYSTEM32\dbgcore.DLL
0x00007ffcaf1f0000 - 0x00007ffcaf26a000 	C:\WINDOWS\System32\bcryptPrimitives.dll
0x00007ffc97dc0000 - 0x00007ffc97dce000 	R:\Programes\Andriod\studio\jbr\bin\instrument.dll
0x00007ffc94b00000 - 0x00007ffc94b25000 	R:\Programes\Andriod\studio\jbr\bin\java.dll
0x00007ffc9ea50000 - 0x00007ffc9ea68000 	R:\Programes\Andriod\studio\jbr\bin\zip.dll
0x00007ffcb0ce0000 - 0x00007ffcb153d000 	C:\WINDOWS\System32\SHELL32.dll
0x00007ffcad150000 - 0x00007ffcada48000 	C:\WINDOWS\SYSTEM32\windows.storage.dll
0x00007ffcad010000 - 0x00007ffcad14e000 	C:\WINDOWS\SYSTEM32\wintypes.dll
0x00007ffcb0920000 - 0x00007ffcb0a13000 	C:\WINDOWS\System32\SHCORE.dll
0x00007ffcafc80000 - 0x00007ffcafcde000 	C:\WINDOWS\System32\shlwapi.dll
0x00007ffcaf120000 - 0x00007ffcaf146000 	C:\WINDOWS\SYSTEM32\profapi.dll
0x00007ffc962b0000 - 0x00007ffc962c9000 	R:\Programes\Andriod\studio\jbr\bin\net.dll
0x00007ffca93b0000 - 0x00007ffca94e7000 	C:\WINDOWS\SYSTEM32\WINHTTP.dll
0x00007ffcae6b0000 - 0x00007ffcae719000 	C:\WINDOWS\system32\mswsock.dll
0x00007ffc95150000 - 0x00007ffc95166000 	R:\Programes\Andriod\studio\jbr\bin\nio.dll
0x00007ffc98ad0000 - 0x00007ffc98ae0000 	R:\Programes\Andriod\studio\jbr\bin\verify.dll
0x00007ffc94630000 - 0x00007ffc94657000 	C:\Users\91638\.gradle\native\c067742578af261105cb4f569cf0c3c89f3d7b1fecec35dd04571415982c5e48\windows-amd64\native-platform.dll
0x00007ffc57940000 - 0x00007ffc57a84000 	C:\Users\91638\.gradle\native\38dada09dfb8b06ba9b0570ebf7e218e3eb74d4ef43ca46872605cf95ebc2f47\windows-amd64\native-platform-file-events.dll
0x00007ffc9ea20000 - 0x00007ffc9ea29000 	R:\Programes\Andriod\studio\jbr\bin\management.dll
0x00007ffc98b50000 - 0x00007ffc98b5b000 	R:\Programes\Andriod\studio\jbr\bin\management_ext.dll
0x00007ffcb1690000 - 0x00007ffcb1698000 	C:\WINDOWS\System32\PSAPI.DLL
0x00007ffcae910000 - 0x00007ffcae92b000 	C:\WINDOWS\SYSTEM32\CRYPTSP.dll
0x00007ffcae190000 - 0x00007ffcae1c5000 	C:\WINDOWS\system32\rsaenh.dll
0x00007ffcae7a0000 - 0x00007ffcae7cc000 	C:\WINDOWS\SYSTEM32\USERENV.dll
0x00007ffcae900000 - 0x00007ffcae90c000 	C:\WINDOWS\SYSTEM32\CRYPTBASE.dll
0x00007ffcadca0000 - 0x00007ffcadccd000 	C:\WINDOWS\SYSTEM32\IPHLPAPI.DLL
0x00007ffcb0530000 - 0x00007ffcb0539000 	C:\WINDOWS\System32\NSI.dll
0x00007ffca8af0000 - 0x00007ffca8b09000 	C:\WINDOWS\SYSTEM32\dhcpcsvc6.DLL
0x00007ffca8ad0000 - 0x00007ffca8aef000 	C:\WINDOWS\SYSTEM32\dhcpcsvc.DLL
0x00007ffcadcd0000 - 0x00007ffcaddc9000 	C:\WINDOWS\SYSTEM32\DNSAPI.dll
0x00007ffc9ee80000 - 0x00007ffc9ee89000 	R:\Programes\Andriod\studio\jbr\bin\extnet.dll
0x00007ffca0570000 - 0x00007ffca0578000 	C:\WINDOWS\system32\wshunix.dll
0x00007ffca5e60000 - 0x00007ffca5e6a000 	C:\Windows\System32\rasadhlp.dll

dbghelp: loaded successfully - version: 4.0.5 - missing functions: none
symbol engine: initialized successfully - sym options: 0x614 - pdb path: .;R:\Programes\Andriod\studio\jbr\bin;C:\WINDOWS\SYSTEM32;C:\Program Files\Avast Software\Avast;C:\WINDOWS\WinSxS\amd64_microsoft.windows.common-controls_6595b64144ccf1df_6.0.22621.3235_none_270f74e173860f98;R:\Programes\Andriod\studio\jbr\bin\server;C:\Users\91638\.gradle\native\c067742578af261105cb4f569cf0c3c89f3d7b1fecec35dd04571415982c5e48\windows-amd64;C:\Users\91638\.gradle\native\38dada09dfb8b06ba9b0570ebf7e218e3eb74d4ef43ca46872605cf95ebc2f47\windows-amd64

VM Arguments:
jvm_args: --add-opens=java.base/java.util=ALL-UNNAMED --add-opens=java.base/java.lang=ALL-UNNAMED --add-opens=java.base/java.lang.invoke=ALL-UNNAMED --add-opens=java.prefs/java.util.prefs=ALL-UNNAMED --add-opens=java.base/java.nio.charset=ALL-UNNAMED --add-opens=java.base/java.net=ALL-UNNAMED --add-opens=java.base/java.util.concurrent.atomic=ALL-UNNAMED -Xmx2048m -Dfile.encoding=UTF-8 -Duser.country=IN -Duser.language=en -Duser.variant -javaagent:C:\Users\91638\.gradle\wrapper\dists\gradle-8.7-bin\bhs2wmbdwecv87pi65oeuq5iu\gradle-8.7\lib\agents\gradle-instrumentation-agent-8.7.jar 
java_command: org.gradle.launcher.daemon.bootstrap.GradleDaemon 8.7
java_class_path (initial): C:\Users\91638\.gradle\wrapper\dists\gradle-8.7-bin\bhs2wmbdwecv87pi65oeuq5iu\gradle-8.7\lib\gradle-launcher-8.7.jar
Launcher Type: SUN_STANDARD

[Global flags]
     intx CICompilerCount                          = 4                                         {product} {ergonomic}
     uint ConcGCThreads                            = 3                                         {product} {ergonomic}
     uint G1ConcRefinementThreads                  = 10                                        {product} {ergonomic}
   size_t G1HeapRegionSize                         = 1048576                                   {product} {ergonomic}
    uintx GCDrainStackTargetSize                   = 64                                        {product} {ergonomic}
   size_t InitialHeapSize                          = 123731968                                 {product} {ergonomic}
   size_t MarkStackSize                            = 4194304                                   {product} {ergonomic}
   size_t MaxHeapSize                              = 2147483648                                {product} {command line}
   size_t MaxNewSize                               = 1287651328                                {product} {ergonomic}
   size_t MinHeapDeltaBytes                        = 1048576                                   {product} {ergonomic}
   size_t MinHeapSize                              = 8388608                                   {product} {ergonomic}
    uintx NonNMethodCodeHeapSize                   = 5839372                                {pd product} {ergonomic}
    uintx NonProfiledCodeHeapSize                  = 122909434                              {pd product} {ergonomic}
    uintx ProfiledCodeHeapSize                     = 122909434                              {pd product} {ergonomic}
    uintx ReservedCodeCacheSize                    = 251658240                              {pd product} {ergonomic}
     bool SegmentedCodeCache                       = true                                      {product} {ergonomic}
   size_t SoftMaxHeapSize                          = 2147483648                             {manageable} {ergonomic}
     bool UseCompressedClassPointers               = true                           {product lp64_product} {ergonomic}
     bool UseCompressedOops                        = true                           {product lp64_product} {ergonomic}
     bool UseG1GC                                  = true                                      {product} {ergonomic}
     bool UseLargePagesIndividualAllocation        = false                                  {pd product} {ergonomic}

Logging:
Log output configuration:
 #0: stdout all=warning uptime,level,tags
 #1: stderr all=off uptime,level,tags

Environment Variables:
JAVA_HOME=C:\Program Files\Java\jdk-17
PATH=C:\Program Files (x86)\Common Files\Oracle\Java\javapath;C:\Program Files\Common Files\Oracle\Java\javapath;C:\WINDOWS\system32;C:\WINDOWS;C:\WINDOWS\System32\Wbem;C:\WINDOWS\System32\WindowsPowerShell\v1.0\;C:\WINDOWS\System32\OpenSSH\;C:\Program Files\dotnet\;C:\Program Files\Git\cmd;C:\Users\91638\AppData\Local\Microsoft\WindowsApps;C:\Users\91638\AppData\Local\Programs\Microsoft VS Code\bin;C:\Users\91638\.dotnet\tools;C:\Users\91638\AppData\Local\GitHubDesktop\bin
USERNAME=91638
OS=Windows_NT
PROCESSOR_IDENTIFIER=AMD64 Family 23 Model 104 Stepping 1, AuthenticAMD
TMP=C:\Users\91638\AppData\Local\Temp
TEMP=C:\Users\91638\AppData\Local\Temp



Periodic native trim disabled

JNI global refs:
JNI global refs: 27, weak refs: 0

JNI global refs memory usage: 843, weak refs: 841

Process memory usage:
Resident Set Size: 273676K (3% of 7708936K total physical memory with 9192K free physical memory)

OOME stack traces (most recent first):
Classloader memory used:
Loader org.gradle.internal.classloader.VisitableURLClassLoader                         : 3495K
Loader bootstrap                                                                       : 2810K
Loader org.gradle.initialization.MixInLegacyTypesClassLoader                           : 1275K
Loader org.gradle.internal.classloader.VisitableURLClassLoader$InstrumentingVisitableURLClassLoader: 105K
Loader jdk.internal.loader.ClassLoaders$PlatformClassLoader                            : 84946B
Loader jdk.internal.loader.ClassLoaders$AppClassLoader                                 : 28714B
Loader org.gradle.internal.classloader.VisitableURLClassLoader                         : 26279B
Loader jdk.internal.reflect.DelegatingClassLoader                                      : 23909B

Classes loaded by more than one classloader:
Class Program                                                                         : loaded 4 times (x 72B)
Class com.google.common.collect.SingletonImmutableList                                : loaded 2 times (x 167B)
Class org.gradle.internal.classpath.ClassPath                                         : loaded 2 times (x 68B)
Class org.gradle.api.internal.classpath.DefaultModuleRegistry                         : loaded 2 times (x 84B)
Class Settings_gradle$1$1                                                             : loaded 2 times (x 72B)
Class com.google.common.base.CharMatcher$JavaDigit                                    : loaded 2 times (x 109B)
Class com.google.common.base.CharMatcher$Digit                                        : loaded 2 times (x 110B)
Class org.gradle.api.Action                                                           : loaded 2 times (x 68B)
Class com.google.common.collect.Lists$StringAsImmutableList                           : loaded 2 times (x 167B)
Class com.google.common.base.CharMatcher                                              : loaded 2 times (x 109B)
Class com.google.common.base.CharMatcher$IsNot                                        : loaded 2 times (x 109B)
Class com.google.common.base.Splitter                                                 : loaded 2 times (x 70B)
Class org.gradle.api.internal.DefaultClassPathProvider                                : loaded 2 times (x 74B)
Class org.gradle.internal.installation.GradleInstallation$1                           : loaded 2 times (x 73B)
Class com.google.common.base.CharMatcher$BitSetMatcher                                : loaded 2 times (x 110B)
Class com.google.common.base.Predicate                                                : loaded 2 times (x 68B)
Class org.gradle.internal.classloader.FilteringClassLoader                            : loaded 2 times (x 103B)
Class org.gradle.internal.classpath.DefaultClassPath$ImmutableUniqueList$Builder      : loaded 2 times (x 73B)
Class com.google.common.base.CharMatcher$InRange                                      : loaded 2 times (x 109B)
Class com.google.common.collect.Lists                                                 : loaded 2 times (x 69B)
Class org.gradle.internal.classloader.ClassLoaderVisitor                              : loaded 2 times (x 74B)
Class org.gradle.internal.service.DefaultServiceLocator                               : loaded 2 times (x 81B)
Class org.gradle.internal.service.UnknownServiceException                             : loaded 2 times (x 81B)
Class org.gradle.internal.classloader.DefaultClassLoaderFactory                       : loaded 2 times (x 80B)
Class com.google.common.collect.UnmodifiableIterator                                  : loaded 2 times (x 78B)
Class com.google.common.base.CharMatcher$SingleWidth                                  : loaded 2 times (x 110B)
Class com.google.common.base.JdkPattern                                               : loaded 2 times (x 73B)
Class org.gradle.internal.classloader.VisitableURLClassLoader$Spec                    : loaded 2 times (x 72B)
Class org.gradle.api.GradleException                                                  : loaded 2 times (x 80B)
Class com.google.common.base.CharMatcher$JavaLetterOrDigit                            : loaded 2 times (x 109B)
Class org.gradle.api.internal.classpath.ModuleRegistry                                : loaded 2 times (x 68B)
Class com.google.common.collect.ImmutableCollection                                   : loaded 2 times (x 123B)
Class org.gradle.api.internal.ClassPathProvider                                       : loaded 2 times (x 68B)
Class org.gradle.internal.classloader.ClasspathUtil$1                                 : loaded 2 times (x 74B)
Class com.google.common.collect.ImmutableList$ReverseImmutableList                    : loaded 2 times (x 168B)
Class org.gradle.internal.classloader.ClassLoaderFactory                              : loaded 2 times (x 68B)
Class com.google.common.collect.ObjectArrays                                          : loaded 2 times (x 69B)
Class com.google.common.collect.ImmutableList                                         : loaded 2 times (x 166B)
Class org.gradle.api.internal.classpath.ManifestUtil                                  : loaded 2 times (x 69B)
Class org.gradle.api.specs.Spec                                                       : loaded 2 times (x 68B)
Class com.google.common.base.CharMatcher$Whitespace                                   : loaded 2 times (x 110B)
Class com.google.common.base.Preconditions                                            : loaded 2 times (x 69B)
Class org.gradle.internal.IoActions                                                   : loaded 2 times (x 69B)
Class com.google.common.collect.CollectPreconditions                                  : loaded 2 times (x 69B)
Class com.google.common.collect.AbstractIndexedListIterator                           : loaded 2 times (x 94B)
Class com.google.common.base.CharMatcher$None                                         : loaded 2 times (x 110B)
Class org.gradle.api.internal.classpath.EffectiveClassPath                            : loaded 2 times (x 88B)
Class com.google.common.collect.UnmodifiableListIterator                              : loaded 2 times (x 93B)
Class com.google.common.collect.ImmutableList$1                                       : loaded 2 times (x 95B)
Class com.google.common.base.Splitter$Strategy                                        : loaded 2 times (x 68B)
Class org.gradle.internal.installation.CurrentGradleInstallation                      : loaded 2 times (x 71B)
Class org.gradle.internal.agents.InstrumentingClassLoader                             : loaded 2 times (x 68B)
Class org.gradle.internal.installation.CurrentGradleInstallationLocator               : loaded 2 times (x 69B)
Class org.gradle.api.internal.classpath.Module                                        : loaded 2 times (x 68B)
Class com.google.common.base.Splitter$1$1                                             : loaded 2 times (x 84B)
Class org.gradle.internal.service.CachingServiceLocator                               : loaded 2 times (x 80B)
Class org.gradle.internal.classpath.DefaultClassPath                                  : loaded 2 times (x 88B)
Class com.google.common.base.Splitter$SplittingIterator                               : loaded 2 times (x 82B)
Class Build_gradle$1                                                                  : loaded 2 times (x 76B)
Class com.google.common.base.CharMatcher$Is                                           : loaded 2 times (x 109B)
Class com.google.common.collect.RegularImmutableAsList                                : loaded 2 times (x 176B)
Class org.gradle.internal.classloader.SystemClassLoaderSpec                           : loaded 2 times (x 69B)
Class [Lcom.google.common.base.AbstractIterator$State;                                : loaded 2 times (x 67B)
Class com.google.common.base.AbstractIterator                                         : loaded 2 times (x 78B)
Class com.google.common.base.AbstractIterator$1                                       : loaded 2 times (x 69B)
Class com.google.common.base.CharMatcher$Ascii                                        : loaded 2 times (x 110B)
Class com.google.common.base.CharMatcher$1                                            : loaded 2 times (x 111B)
Class org.gradle.api.UncheckedIOException                                             : loaded 2 times (x 80B)
Class com.google.common.base.CharMatcher$And                                          : loaded 2 times (x 110B)
Class com.google.common.base.CharMatcher$Any                                          : loaded 2 times (x 110B)
Class org.gradle.internal.installation.GradleInstallation                             : loaded 2 times (x 73B)
Class com.google.common.base.CharMatcher$RangesMatcher                                : loaded 2 times (x 110B)
Class com.google.common.collect.ImmutableList$SubList                                 : loaded 2 times (x 168B)
Class org.gradle.internal.classloader.ClasspathUtil                                   : loaded 2 times (x 69B)
Class com.google.common.base.Splitter$1                                               : loaded 2 times (x 75B)
Class org.gradle.api.internal.DefaultClassPathRegistry                                : loaded 2 times (x 74B)
Class org.gradle.api.internal.classpath.DefaultModuleRegistry$DefaultModule           : loaded 2 times (x 84B)
Class com.google.common.base.CharMatcher$JavaIsoControl                               : loaded 2 times (x 110B)
Class com.google.common.base.CharMatcher$Or                                           : loaded 2 times (x 110B)
Class org.gradle.kotlin.dsl.VersionCatalogAccessorsKt                                 : loaded 2 times (x 69B)
Class com.google.common.base.CharMatcher$JavaLowerCase                                : loaded 2 times (x 109B)
Class org.gradle.api.internal.classpath.UnknownModuleException                        : loaded 2 times (x 80B)
Class com.google.common.base.CommonPattern                                            : loaded 2 times (x 72B)
Class org.gradle.internal.service.ServiceLookupException                              : loaded 2 times (x 80B)
Class org.gradle.cache.GlobalCache                                                    : loaded 2 times (x 68B)
Class com.google.common.base.CharMatcher$NegatedFastMatcher                           : loaded 2 times (x 111B)
Class [Lorg.gradle.api.internal.ClassPathProvider;                                    : loaded 2 times (x 67B)
Class org.gradle.util.internal.GUtil                                                  : loaded 2 times (x 69B)
Class org.gradle.internal.classloader.ClassLoaderSpec                                 : loaded 2 times (x 69B)
Class com.google.common.base.NullnessCasts                                            : loaded 2 times (x 69B)
Class com.google.common.base.CharMatcher$Negated                                      : loaded 2 times (x 111B)
Class com.google.common.base.CharMatcher$ForPredicate                                 : loaded 2 times (x 110B)
Class org.gradle.internal.classloader.VisitableURLClassLoader                         : loaded 2 times (x 115B)
Class org.gradle.internal.Cast                                                        : loaded 2 times (x 69B)
Class Build_gradle                                                                    : loaded 2 times (x 70B)
Class org.gradle.api.internal.ClassPathRegistry                                       : loaded 2 times (x 68B)
Class org.gradle.internal.classloader.VisitableURLClassLoader$InstrumentingVisitableURLClassLoader: loaded 2 times (x 121B)
Class org.gradle.internal.classloader.ClassLoaderHierarchy                            : loaded 2 times (x 68B)
Class com.google.common.base.AbstractIterator$State                                   : loaded 2 times (x 77B)
Class com.google.common.base.CharMatcher$NamedFastMatcher                             : loaded 2 times (x 110B)
Class org.gradle.internal.InternalTransformer                                         : loaded 2 times (x 68B)
Class org.gradle.internal.service.ServiceLocator                                      : loaded 2 times (x 68B)
Class Settings_gradle$1                                                               : loaded 2 times (x 72B)
Class com.google.common.base.CharMatcher$Invisible                                    : loaded 2 times (x 110B)
Class com.google.common.base.CharMatcher$FastMatcher                                  : loaded 2 times (x 109B)
Class org.gradle.internal.classpath.DefaultClassPath$ImmutableUniqueList              : loaded 2 times (x 159B)
Class com.google.common.base.CharMatcher$JavaLetter                                   : loaded 2 times (x 109B)
Class org.gradle.internal.classpath.TransformedClassPath                              : loaded 2 times (x 94B)
Class Settings_gradle                                                                 : loaded 2 times (x 126B)
Class com.google.common.collect.ImmutableAsList                                       : loaded 2 times (x 169B)
Class com.google.common.base.CharMatcher$AnyOf                                        : loaded 2 times (x 110B)
Class com.google.common.base.CharMatcher$IsEither                                     : loaded 2 times (x 109B)
Class com.google.common.collect.RegularImmutableList                                  : loaded 2 times (x 172B)
Class com.google.common.base.CharMatcher$JavaUpperCase                                : loaded 2 times (x 109B)


---------------  S Y S T E M  ---------------

OS:
 Windows 11 , 64 bit Build 22621 (10.0.22621.3235)
OS uptime: 0 days 19:37 hours

CPU: total 12 (initial active 12) (12 cores per cpu, 2 threads per core) family 23 model 104 stepping 1 microcode 0x0, cx8, cmov, fxsr, ht, mmx, 3dnowpref, sse, sse2, sse3, ssse3, sse4a, sse4.1, sse4.2, popcnt, lzcnt, tsc, tscinvbit, avx, avx2, aes, clmul, bmi1, bmi2, adx, sha, fma, vzeroupper, clflush, clflushopt
Processor Information for processor 0
  Max Mhz: 2100, Current Mhz: 2100, Mhz Limit: 2100
Processor Information for processor 1
  Max Mhz: 2100, Current Mhz: 1813, Mhz Limit: 2100
Processor Information for processor 2
  Max Mhz: 2100, Current Mhz: 2100, Mhz Limit: 2100
Processor Information for processor 3
  Max Mhz: 2100, Current Mhz: 1813, Mhz Limit: 2100
Processor Information for processor 4
  Max Mhz: 2100, Current Mhz: 2100, Mhz Limit: 2100
Processor Information for processor 5
  Max Mhz: 2100, Current Mhz: 1813, Mhz Limit: 2100
Processor Information for processor 6
  Max Mhz: 2100, Current Mhz: 2100, Mhz Limit: 2100
Processor Information for processor 7
  Max Mhz: 2100, Current Mhz: 2100, Mhz Limit: 2100
Processor Information for processor 8
  Max Mhz: 2100, Current Mhz: 1813, Mhz Limit: 2100
Processor Information for processor 9
  Max Mhz: 2100, Current Mhz: 2100, Mhz Limit: 2100
Processor Information for processor 10
  Max Mhz: 2100, Current Mhz: 2100, Mhz Limit: 2100
Processor Information for processor 11
  Max Mhz: 2100, Current Mhz: 1813, Mhz Limit: 2100

Memory: 4k page, system-wide physical 7528M (9M free)
TotalPageFile size 14966M (AvailPageFile size 15M)
current process WorkingSet (physical memory assigned to process): 267M, peak: 274M
current process commit charge ("private bytes"): 307M, peak: 312M

vm_info: OpenJDK 64-Bit Server VM (17.0.11+0--11852314) for windows-amd64 JRE (17.0.11+0--11852314), built on May 16 2024 21:29:20 by "androidbuild" with MS VC++ 16.10 / 16.11 (VS2019)

END.
